══════════════════════════════════════════════════════════════
IMPLEMENTATION RUN STARTED
Time: 2026-03-08 08:31:03
Change: fix-config-input-modes
══════════════════════════════════════════════════════════════
──────────────────────────────────────────────────────────────
Task 1/14: 1.1 Add `editing: bool` field to the `Screen::Config` variant in `src/app.rs`, default to `false` when opening config
──────────────────────────────────────────────────────────────
══════════════════════════════════════════════════════════════
IMPLEMENTATION RUN STARTED
Time: 2026-03-08 08:31:45
Change: fix-config-input-modes
══════════════════════════════════════════════════════════════
──────────────────────────────────────────────────────────────
Task 1/14: 1.1 Add `editing: bool` field to the `Screen::Config` variant in `src/app.rs`, default to `false` when opening config
──────────────────────────────────────────────────────────────
Task 1.1 ist abgeschlossen. Zusammenfassung:

- `editing: bool` Feld zu `Screen::Config` in `src/app.rs` hinzugefügt
- `push_config_screen` setzt `editing: false` als Default
- Alle Destructure-Patterns aktualisiert (`handle_config_input`, `draw`, `set_config_prompt`)
- `draw_config_screen` Signatur erweitert um `editing: bool` Parameter (noch ohne Verhaltensänderung)
- Test-Helper `render_config_screen_with_editing` hinzugefügt
- Alle 156 Tests bestehen
──────────────────────────────────────────────────────────────
Task 2/14: 1.2 Update `draw_config_screen` in `src/ui.rs` to accept the `editing` parameter and only show the block cursor when `editing == true && focused_field == Command`
──────────────────────────────────────────────────────────────
**Task 1.2 erledigt.** 

Die Änderung war minimal aber wichtig: In `src/ui.rs:251` wurde die Bedingung für die Cursor-Anzeige von `*focused_field == ConfigField::Command` zu `editing && *focused_field == ConfigField::Command` geändert. Damit wird der Block-Cursor nur noch im Edit-Modus angezeigt — im Navigation-Modus wird das Command-Feld mit gelbem Rahmen aber ohne Cursor dargestellt, wie im Design spezifiziert.

Alle 156 Tests bestehen weiterhin.
──────────────────────────────────────────────────────────────
Task 3/14: 2.1 Refactor `handle_config_input` so that when `editing == false`, `S` saves, `D` resets defaults, `Esc` exits config, `Enter` activates edit mode (or opens `$EDITOR` for Prompt), and `Tab`/`BackTab` switch fields
──────────────────────────────────────────────────────────────
Tasks 2.1–3.3 sind abgeschlossen. Hier ist eine Zusammenfassung der Änderungen:

**`handle_config_input` in `src/app.rs` refaktoriert:**
- Die Funktion prüft jetzt zuerst den `editing`-Flag und routet Tasten entsprechend
- **Navigation-Modus** (`editing == false`): `S` speichert, `D` setzt zurück, `Esc` verlässt den Config-Screen, `Enter` aktiviert den Edit-Modus (Command) oder öffnet `$EDITOR` (Prompt), `Tab`/`BackTab` wechselt Felder. Alle anderen Tasten werden ignoriert
- **Edit-Modus** (`editing == true`): Zeicheneingabe, Backspace, Delete, Pfeiltasten, Home/End funktionieren wie bisher. `Esc` und `Enter` kehren zum Navigation-Modus zurück ohne Änderungen zu verwerfen

**Tests aktualisiert:**
- 8 bestehende Tests wurden angepasst, um vor Texteingabe erst `Enter` zu drücken
- `test_config_s_on_command_field_types_s` → `test_config_s_in_navigation_mode_saves` (testet neues Verhalten)
- `test_config_d_on_command_field_types_d` → `test_config_d_in_navigation_mode_resets` (testet neues Verhalten)

Alle 156 Tests bestehen.
──────────────────────────────────────────────────────────────
Task 8/14: 4.1 Show navigation-mode hints (`[Enter] Edit`, `[Tab] Switch field`, `[S] Save`, `[D] Reset defaults`, `[Esc] Cancel`) when `editing == false`
──────────────────────────────────────────────────────────────
Alle Aufgaben aus `tasks.md` sind jetzt erledigt. Zusammenfassung der Änderungen:

**Task 4.1-4.3 — Keybinding Hints** (`src/ui.rs`):
- Navigation-Mode zeigt jetzt: `[Enter] Edit`, `[Tab] Switch field`, `[S] Save`, `[D] Reset defaults`, `[Esc] Cancel`
- Edit-Mode zeigt: `[Esc] Done editing`
- Die `{prompt} missing` Warnung bleibt in beiden Modi sichtbar

**Task 5.1 — Cleanup**:
- `openspec/tui-config.yaml` (stale Testdaten) gelöscht

**Task 5.2-5.4 — Tests** (9 neue Tests):
- `app.rs`: `test_config_char_keys_ignored_in_navigation_mode`, `test_config_enter_activates_edit_mode`, `test_config_esc_exits_edit_mode`, `test_config_enter_exits_edit_mode`
- `ui.rs`: `test_config_screen_no_cursor_in_navigation_mode`, `test_config_screen_cursor_visible_in_edit_mode`, `test_config_screen_navigation_hints`, `test_config_screen_edit_mode_hints`, `test_config_screen_prompt_warning_in_both_modes`

Alle **165 Tests** bestehen.
